Determining if the pthread_create exist failed with the following output:
Change Dir: /home/xia/Projects/API/dobble/build/CMakeFiles/CMakeTmp

Run Build Command:"/usr/bin/make" "cmTC_7c9fe/fast"
/usr/bin/make -f CMakeFiles/cmTC_7c9fe.dir/build.make CMakeFiles/cmTC_7c9fe.dir/build
make[1] : on entre dans le répertoire « /home/xia/Projects/API/dobble/build/CMakeFiles/CMakeTmp »
Building C object CMakeFiles/cmTC_7c9fe.dir/CheckSymbolExists.c.o
/usr/bin/cc    -o CMakeFiles/cmTC_7c9fe.dir/CheckSymbolExists.c.o   -c /home/xia/Projects/API/dobble/build/CMakeFiles/CMakeTmp/CheckSymbolExists.c
Linking C executable cmTC_7c9fe
/usr/bin/cmake -E cmake_link_script CMakeFiles/cmTC_7c9fe.dir/link.txt --verbose=1
/usr/bin/cc      -rdynamic CMakeFiles/cmTC_7c9fe.dir/CheckSymbolExists.c.o  -o cmTC_7c9fe 
CMakeFiles/cmTC_7c9fe.dir/CheckSymbolExists.c.o : Dans la fonction « main » :
CheckSymbolExists.c:(.text+0x1b) : référence indéfinie vers « pthread_create »
collect2: error: ld returned 1 exit status
CMakeFiles/cmTC_7c9fe.dir/build.make:97: recipe for target 'cmTC_7c9fe' failed
make[1]: *** [cmTC_7c9fe] Error 1
make[1] : on quitte le répertoire « /home/xia/Projects/API/dobble/build/CMakeFiles/CMakeTmp »
Makefile:126: recipe for target 'cmTC_7c9fe/fast' failed
make: *** [cmTC_7c9fe/fast] Error 2

File /home/xia/Projects/API/dobble/build/CMakeFiles/CMakeTmp/CheckSymbolExists.c:
/* */
#include <pthread.h>

int main(int argc, char** argv)
{
  (void)argv;
#ifndef pthread_create
  return ((int*)(&pthread_create))[argc];
#else
  (void)argc;
  return 0;
#endif
}

Determining if the function pthread_create exists in the pthreads failed with the following output:
Change Dir: /home/xia/Projects/API/dobble/build/CMakeFiles/CMakeTmp

Run Build Command:"/usr/bin/make" "cmTC_adc38/fast"
/usr/bin/make -f CMakeFiles/cmTC_adc38.dir/build.make CMakeFiles/cmTC_adc38.dir/build
make[1] : on entre dans le répertoire « /home/xia/Projects/API/dobble/build/CMakeFiles/CMakeTmp »
Building C object CMakeFiles/cmTC_adc38.dir/CheckFunctionExists.c.o
/usr/bin/cc   -DCHECK_FUNCTION_EXISTS=pthread_create   -o CMakeFiles/cmTC_adc38.dir/CheckFunctionExists.c.o   -c /usr/share/cmake-3.10/Modules/CheckFunctionExists.c
Linking C executable cmTC_adc38
/usr/bin/cmake -E cmake_link_script CMakeFiles/cmTC_adc38.dir/link.txt --verbose=1
/usr/bin/cc  -DCHECK_FUNCTION_EXISTS=pthread_create    -rdynamic CMakeFiles/cmTC_adc38.dir/CheckFunctionExists.c.o  -o cmTC_adc38 -lpthreads 
/usr/bin/ld : ne peut trouver -lpthreads
collect2: error: ld returned 1 exit status
CMakeFiles/cmTC_adc38.dir/build.make:97: recipe for target 'cmTC_adc38' failed
make[1]: *** [cmTC_adc38] Error 1
make[1] : on quitte le répertoire « /home/xia/Projects/API/dobble/build/CMakeFiles/CMakeTmp »
Makefile:126: recipe for target 'cmTC_adc38/fast' failed
make: *** [cmTC_adc38/fast] Error 2


